This is pdfTeX, Version 3.14159265-2.6-1.40.20 (TeX Live 2019/Debian) (preloaded format=pdflatex 2023.5.31)  1 FEB 2024 12:24
entering extended mode
 restricted \write18 enabled.
 %&-line parsing enabled.
**HapTutorial
(./HapTutorial.tex
LaTeX2e <2020-02-02> patch level 2
L3 programming layer <2020-02-14>
(/usr/share/texlive/texmf-dist/tex/latex/base/report.cls
Document Class: report 2019/12/20 v1.4l Standard LaTeX document class
(/usr/share/texlive/texmf-dist/tex/latex/base/size11.clo
File: size11.clo 2019/12/20 v1.4l Standard LaTeX file (size option)
)
\c@part=\count167
\c@chapter=\count168
\c@section=\count169
\c@subsection=\count170
\c@subsubsection=\count171
\c@paragraph=\count172
\c@subparagraph=\count173
\c@figure=\count174
\c@table=\count175
\abovecaptionskip=\skip47
\belowcaptionskip=\skip48
\bibindent=\dimen134
)
(/usr/share/texlive/texmf-dist/tex/latex/geometry/geometry.sty
Package: geometry 2020/01/02 v5.9 Page Geometry

(/usr/share/texlive/texmf-dist/tex/latex/graphics/keyval.sty
Package: keyval 2014/10/28 v1.15 key=value parser (DPC)
\KV@toks@=\toks14
)
(/usr/share/texlive/texmf-dist/tex/generic/iftex/ifvtex.sty
Package: ifvtex 2019/10/25 v1.7 ifvtex legacy package. Use iftex instead.

(/usr/share/texlive/texmf-dist/tex/generic/iftex/iftex.sty
Package: iftex 2019/11/07 v1.0c TeX engine tests
))
\Gm@cnth=\count176
\Gm@cntv=\count177
\c@Gm@tempcnt=\count178
\Gm@bindingoffset=\dimen135
\Gm@wd@mp=\dimen136
\Gm@odd@mp=\dimen137
\Gm@even@mp=\dimen138
\Gm@layoutwidth=\dimen139
\Gm@layoutheight=\dimen140
\Gm@layouthoffset=\dimen141
\Gm@layoutvoffset=\dimen142
\Gm@dimlist=\toks15
)
(/usr/share/texlive/texmf-dist/tex/latex/amsfonts/amssymb.sty
Package: amssymb 2013/01/14 v3.01 AMS font symbols

(/usr/share/texlive/texmf-dist/tex/latex/amsfonts/amsfonts.sty
Package: amsfonts 2013/01/14 v3.01 Basic AMSFonts support
\@emptytoks=\toks16
\symAMSa=\mathgroup4
\symAMSb=\mathgroup5
LaTeX Font Info:    Redeclaring math symbol \hbar on input line 98.
LaTeX Font Info:    Overwriting math alphabet `\mathfrak' in version `bold'
(Font)                  U/euf/m/n --> U/euf/b/n on input line 106.
))
(/usr/share/texlive/texmf-dist/tex/latex/base/inputenc.sty
Package: inputenc 2018/08/11 v1.3c Input encoding file
\inpenc@prehook=\toks17
\inpenc@posthook=\toks18

(/usr/share/texlive/texmf-dist/tex/latex/base/latin1.def
File: latin1.def 2018/08/11 v1.3c Input encoding file
))
(/usr/share/texlive/texmf-dist/tex/latex/base/makeidx.sty
Package: makeidx 2014/09/29 v1.0m Standard LaTeX package
)
\@indexfile=\write3
\openout3 = `HapTutorial.idx'.


Writing index file HapTutorial.idx
(/usr/share/texlive/texmf-dist/tex/latex/graphics/color.sty
Package: color 2019/11/23 v1.2a Standard LaTeX Color (DPC)

(/usr/share/texlive/texmf-dist/tex/latex/graphics-cfg/color.cfg
File: color.cfg 2016/01/02 v1.6 sample color configuration
)
Package color Info: Driver file: pdftex.def on input line 147.

(/usr/share/texlive/texmf-dist/tex/latex/graphics-def/pdftex.def
File: pdftex.def 2018/01/08 v1.0l Graphics/color driver for pdftex
))
(/usr/share/texlive/texmf-dist/tex/latex/fancyvrb/fancyvrb.sty
Package: fancyvrb 2020/01/13 v3.5 verbatim text (tvz,hv)
\FV@CodeLineNo=\count179
\FV@InFile=\read2
\FV@TabBox=\box45
\c@FancyVerbLine=\count180
\FV@StepNumber=\count181
\FV@OutFile=\write4
)
(/usr/share/texlive/texmf-dist/tex/latex/psnfss/mathptmx.sty
Package: mathptmx 2005/04/12 PSNFSS-v9.2a Times w/ Math, improved (SPQR, WaS) 
LaTeX Font Info:    Redeclaring symbol font `operators' on input line 28.
LaTeX Font Info:    Overwriting symbol font `operators' in version `normal'
(Font)                  OT1/cmr/m/n --> OT1/ztmcm/m/n on input line 28.
LaTeX Font Info:    Overwriting symbol font `operators' in version `bold'
(Font)                  OT1/cmr/bx/n --> OT1/ztmcm/m/n on input line 28.
LaTeX Font Info:    Redeclaring symbol font `letters' on input line 29.
LaTeX Font Info:    Overwriting symbol font `letters' in version `normal'
(Font)                  OML/cmm/m/it --> OML/ztmcm/m/it on input line 29.
LaTeX Font Info:    Overwriting symbol font `letters' in version `bold'
(Font)                  OML/cmm/b/it --> OML/ztmcm/m/it on input line 29.
LaTeX Font Info:    Redeclaring symbol font `symbols' on input line 30.
LaTeX Font Info:    Overwriting symbol font `symbols' in version `normal'
(Font)                  OMS/cmsy/m/n --> OMS/ztmcm/m/n on input line 30.
LaTeX Font Info:    Overwriting symbol font `symbols' in version `bold'
(Font)                  OMS/cmsy/b/n --> OMS/ztmcm/m/n on input line 30.
LaTeX Font Info:    Redeclaring symbol font `largesymbols' on input line 31.
LaTeX Font Info:    Overwriting symbol font `largesymbols' in version `normal'
(Font)                  OMX/cmex/m/n --> OMX/ztmcm/m/n on input line 31.
LaTeX Font Info:    Overwriting symbol font `largesymbols' in version `bold'
(Font)                  OMX/cmex/m/n --> OMX/ztmcm/m/n on input line 31.
\symbold=\mathgroup6
\symitalic=\mathgroup7
LaTeX Font Info:    Redeclaring math alphabet \mathbf on input line 34.
LaTeX Font Info:    Overwriting math alphabet `\mathbf' in version `normal'
(Font)                  OT1/cmr/bx/n --> OT1/ptm/bx/n on input line 34.
LaTeX Font Info:    Overwriting math alphabet `\mathbf' in version `bold'
(Font)                  OT1/cmr/bx/n --> OT1/ptm/bx/n on input line 34.
LaTeX Font Info:    Redeclaring math alphabet \mathit on input line 35.
LaTeX Font Info:    Overwriting math alphabet `\mathit' in version `normal'
(Font)                  OT1/cmr/m/it --> OT1/ptm/m/it on input line 35.
LaTeX Font Info:    Overwriting math alphabet `\mathit' in version `bold'
(Font)                  OT1/cmr/bx/it --> OT1/ptm/m/it on input line 35.
LaTeX Info: Redefining \hbar on input line 50.
)
(/usr/share/texlive/texmf-dist/tex/latex/psnfss/helvet.sty
Package: helvet 2005/04/12 PSNFSS-v9.2a (WaS) 
)
(/usr/share/texlive/texmf-dist/tex/latex/base/fontenc.sty
Package: fontenc 2020/02/11 v2.0o Standard LaTeX package
LaTeX Font Info:    Trying to load font information for T1+ptm on input line 11
2.

(/usr/share/texlive/texmf-dist/tex/latex/psnfss/t1ptm.fd
File: t1ptm.fd 2001/06/04 font definitions for T1/ptm.
))
(/usr/share/texlive/texmf-dist/tex/latex/base/textcomp.sty
Package: textcomp 2020/02/02 v2.0n Standard LaTeX package
)
(/usr/share/texlive/texmf-dist/tex/latex/hyperref/hyperref.sty
Package: hyperref 2020/01/14 v7.00d Hypertext links for LaTeX

(/usr/share/texlive/texmf-dist/tex/generic/ltxcmds/ltxcmds.sty
Package: ltxcmds 2019/12/15 v1.24 LaTeX kernel commands for general use (HO)
)
(/usr/share/texlive/texmf-dist/tex/latex/pdftexcmds/pdftexcmds.sty
Package: pdftexcmds 2019/11/24 v0.31 Utility functions of pdfTeX for LuaTeX (HO
)

(/usr/share/texlive/texmf-dist/tex/generic/infwarerr/infwarerr.sty
Package: infwarerr 2019/12/03 v1.5 Providing info/warning/error messages (HO)
)
Package pdftexcmds Info: \pdf@primitive is available.
Package pdftexcmds Info: \pdf@ifprimitive is available.
Package pdftexcmds Info: \pdfdraftmode found.
)
(/usr/share/texlive/texmf-dist/tex/generic/kvsetkeys/kvsetkeys.sty
Package: kvsetkeys 2019/12/15 v1.18 Key value parser (HO)
)
(/usr/share/texlive/texmf-dist/tex/generic/kvdefinekeys/kvdefinekeys.sty
Package: kvdefinekeys 2019-12-19 v1.6 Define keys (HO)
)
(/usr/share/texlive/texmf-dist/tex/generic/pdfescape/pdfescape.sty
Package: pdfescape 2019/12/09 v1.15 Implements pdfTeX's escape features (HO)
)
(/usr/share/texlive/texmf-dist/tex/latex/hycolor/hycolor.sty
Package: hycolor 2020-01-27 v1.10 Color options for hyperref/bookmark (HO)
)
(/usr/share/texlive/texmf-dist/tex/latex/letltxmacro/letltxmacro.sty
Package: letltxmacro 2019/12/03 v1.6 Let assignment for LaTeX macros (HO)
)
(/usr/share/texlive/texmf-dist/tex/latex/auxhook/auxhook.sty
Package: auxhook 2019-12-17 v1.6 Hooks for auxiliary files (HO)
)
(/usr/share/texlive/texmf-dist/tex/latex/kvoptions/kvoptions.sty
Package: kvoptions 2019/11/29 v3.13 Key value format for package options (HO)
)
\@linkdim=\dimen143
\Hy@linkcounter=\count182
\Hy@pagecounter=\count183

(/usr/share/texlive/texmf-dist/tex/latex/hyperref/pd1enc.def
File: pd1enc.def 2020/01/14 v7.00d Hyperref: PDFDocEncoding definition (HO)
Now handling font encoding PD1 ...
... no UTF-8 mapping file for font encoding PD1
)
(/usr/share/texlive/texmf-dist/tex/generic/intcalc/intcalc.sty
Package: intcalc 2019/12/15 v1.3 Expandable calculations with integers (HO)
)
(/usr/share/texlive/texmf-dist/tex/generic/etexcmds/etexcmds.sty
Package: etexcmds 2019/12/15 v1.7 Avoid name clashes with e-TeX commands (HO)
)
\Hy@SavedSpaceFactor=\count184
\pdfmajorversion=\count185


Package hyperref Warning: Unexpected value for option `pdftex'
(hyperref)                is ignored on input line 4421.

Package hyperref Info: Option `bookmarks' set `true' on input line 4421.

Package hyperref Warning: Option `a4paper' is no longer used.

Package hyperref Info: Option `colorlinks' set `true' on input line 4421.
Package hyperref Info: Option `breaklinks' set `true' on input line 4421.
Package hyperref Info: Hyper figures OFF on input line 4547.
Package hyperref Info: Link nesting OFF on input line 4552.
Package hyperref Info: Hyper index ON on input line 4555.
Package hyperref Info: Plain pages OFF on input line 4562.
Package hyperref Info: Backreferencing ON on input line 4565.
Package hyperref Info: Implicit mode ON; LaTeX internals redefined.
Package hyperref Info: Bookmarks ON on input line 4800.
(/usr/share/texlive/texmf-dist/tex/latex/hyperref/backref.sty
Package: backref 2020/01/14 v1.40 Bibliographical back referencing

(/usr/share/texlive/texmf-dist/tex/latex/rerunfilecheck/rerunfilecheck.sty
Package: rerunfilecheck 2019/12/05 v1.9 Rerun checks for auxiliary files (HO)

(/usr/share/texlive/texmf-dist/tex/latex/atveryend/atveryend.sty
Package: atveryend 2019-12-11 v1.11 Hooks at the very end of document (HO)
Package atveryend Info: \enddocument detected (standard20110627).
)
(/usr/share/texlive/texmf-dist/tex/generic/uniquecounter/uniquecounter.sty
Package: uniquecounter 2019/12/15 v1.4 Provide unlimited unique counter (HO)

(/usr/share/texlive/texmf-dist/tex/generic/bigintcalc/bigintcalc.sty
Package: bigintcalc 2019/12/15 v1.5 Expandable calculations on big integers (HO
)
))
Package uniquecounter Info: New unique counter `rerunfilecheck' on input line 2
86.
))
\c@Hy@tempcnt=\count186

(/usr/share/texlive/texmf-dist/tex/latex/url/url.sty
\Urlmuskip=\muskip16
Package: url 2013/09/16  ver 3.4  Verb mode for urls, etc.
)
LaTeX Info: Redefining \url on input line 5159.
\XeTeXLinkMargin=\dimen144

(/usr/share/texlive/texmf-dist/tex/generic/bitset/bitset.sty
Package: bitset 2019/12/09 v1.3 Handle bit-vector datatype (HO)
)
\Fld@menulength=\count187
\Field@Width=\dimen145
\Fld@charsize=\dimen146
Package hyperref Info: Hyper figures OFF on input line 6430.
Package hyperref Info: Link nesting OFF on input line 6435.
Package hyperref Info: Hyper index ON on input line 6438.
Package hyperref Info: backreferencing ON on input line 6443.
Package hyperref Info: Link coloring ON on input line 6448.
Package hyperref Info: Link coloring with OCG OFF on input line 6455.
Package hyperref Info: PDF/A mode OFF on input line 6460.
LaTeX Info: Redefining \ref on input line 6500.
LaTeX Info: Redefining \pageref on input line 6504.

(/usr/share/texlive/texmf-dist/tex/generic/atbegshi/atbegshi.sty
Package: atbegshi 2019/12/05 v1.19 At begin shipout hook (HO)
)
\Hy@abspage=\count188
\c@Item=\count189
\c@Hfootnote=\count190
)
Package hyperref Info: Driver: hpdftex.

(/usr/share/texlive/texmf-dist/tex/latex/hyperref/hpdftex.def
File: hpdftex.def 2020/01/14 v7.00d Hyperref driver for pdfTeX
\Fld@listcount=\count191
\c@bookmark@seq@number=\count192
\Hy@SectionHShift=\skip49
)
\pagenrlog=\write5
\openout5 = `HapTutorial.pnr'.


(/usr/share/texlive/texmf-dist/tex/latex/enumitem/enumitem.sty
Package: enumitem 2019/06/20 v3.9 Customized lists
\labelindent=\skip50
\enit@outerparindent=\dimen147
\enit@toks=\toks19
\enit@inbox=\box46
\enit@count@id=\count193
\enitdp@description=\count194
)
(/usr/share/texlive/texmf-dist/tex/latex/l3backend/l3backend-pdfmode.def
File: l3backend-pdfmode.def 2020-02-03 L3 backend support: PDF mode
\l__kernel_color_stack_int=\count195
\l__pdf_internal_box=\box47
)
(./HapTutorial.aux)
\openout1 = `HapTutorial.aux'.

LaTeX Font Info:    Checking defaults for OML/cmm/m/it on input line 87.
LaTeX Font Info:    ... okay on input line 87.
LaTeX Font Info:    Checking defaults for OMS/cmsy/m/n on input line 87.
LaTeX Font Info:    ... okay on input line 87.
LaTeX Font Info:    Checking defaults for OT1/cmr/m/n on input line 87.
LaTeX Font Info:    ... okay on input line 87.
LaTeX Font Info:    Checking defaults for T1/cmr/m/n on input line 87.
LaTeX Font Info:    ... okay on input line 87.
LaTeX Font Info:    Checking defaults for TS1/cmr/m/n on input line 87.
LaTeX Font Info:    ... okay on input line 87.
LaTeX Font Info:    Checking defaults for OMX/cmex/m/n on input line 87.
LaTeX Font Info:    ... okay on input line 87.
LaTeX Font Info:    Checking defaults for U/cmr/m/n on input line 87.
LaTeX Font Info:    ... okay on input line 87.
LaTeX Font Info:    Checking defaults for PD1/pdf/m/n on input line 87.
LaTeX Font Info:    ... okay on input line 87.

*geometry* driver: auto-detecting
*geometry* detected driver: pdftex
*geometry* verbose mode - [ preamble ] result:
* driver: pdftex
* paper: a4paper
* layout: <same size as paper>
* layoutoffset:(h,v)=(0.0pt,0.0pt)
* modes: 
* h-part:(L,W,R)=(76.82243pt, 443.863pt, 76.82243pt)
* v-part:(T,H,B)=(105.27519pt, 634.49646pt, 105.27519pt)
* \paperwidth=597.50787pt
* \paperheight=845.04684pt
* \textwidth=443.863pt
* \textheight=634.49646pt
* \oddsidemargin=4.55244pt
* \evensidemargin=4.55244pt
* \topmargin=-3.9948pt
* \headheight=12.0pt
* \headsep=25.0pt
* \topskip=11.0pt
* \footskip=30.0pt
* \marginparwidth=50.0pt
* \marginparsep=10.0pt
* \columnsep=10.0pt
* \skip\footins=10.0pt plus 4.0pt minus 2.0pt
* \hoffset=0.0pt
* \voffset=0.0pt
* \mag=1000
* \@twocolumnfalse
* \@twosidefalse
* \@mparswitchfalse
* \@reversemarginfalse
* (1in=72.27pt=25.4mm, 1cm=28.453pt)

(/usr/share/texlive/texmf-dist/tex/context/base/mkii/supp-pdf.mkii
[Loading MPS to PDF converter (version 2006.09.02).]
\scratchcounter=\count196
\scratchdimen=\dimen148
\scratchbox=\box48
\nofMPsegments=\count197
\nofMParguments=\count198
\everyMPshowfont=\toks20
\MPscratchCnt=\count199
\MPscratchDim=\dimen149
\MPnumerator=\count266
\makeMPintoPDFobject=\count267
\everyMPtoPDFconversion=\toks21
)
\big@size=\dimen150
\AtBeginShipoutBox=\box49
Package hyperref Info: Link coloring ON on input line 87.
 (/usr/share/texlive/texmf-dist/tex/latex/hyperref/nameref.sty
Package: nameref 2019/09/16 v2.46 Cross-referencing by name of section

(/usr/share/texlive/texmf-dist/tex/latex/refcount/refcount.sty
Package: refcount 2019/12/15 v3.6 Data extraction from label references (HO)
)
(/usr/share/texlive/texmf-dist/tex/generic/gettitlestring/gettitlestring.sty
Package: gettitlestring 2019/12/15 v1.6 Cleanup title references (HO)
)
\c@section@level=\count268
)
LaTeX Info: Redefining \ref on input line 87.
LaTeX Info: Redefining \pageref on input line 87.
LaTeX Info: Redefining \nameref on input line 87.

(./HapTutorial.out) (./HapTutorial.out)
\@outlinefile=\write6
\openout6 = `HapTutorial.out'.


Underfull \hbox (badness 10000) in paragraph at lines 110--111

 []

[1

{/var/lib/texmf/fonts/map/pdftex/updmap/pdftex.map}] (./HapTutorial.toc
LaTeX Font Info:    Trying to load font information for OT1+ztmcm on input line
 2.

(/usr/share/texlive/texmf-dist/tex/latex/psnfss/ot1ztmcm.fd
File: ot1ztmcm.fd 2000/01/03 Fontinst v1.801 font definitions for OT1/ztmcm.
)
LaTeX Font Info:    Trying to load font information for OML+ztmcm on input line
 2.

(/usr/share/texlive/texmf-dist/tex/latex/psnfss/omlztmcm.fd
File: omlztmcm.fd 2000/01/03 Fontinst v1.801 font definitions for OML/ztmcm.
)
LaTeX Font Info:    Trying to load font information for OMS+ztmcm on input line
 2.

(/usr/share/texlive/texmf-dist/tex/latex/psnfss/omsztmcm.fd
File: omsztmcm.fd 2000/01/03 Fontinst v1.801 font definitions for OMS/ztmcm.
)
LaTeX Font Info:    Trying to load font information for OMX+ztmcm on input line
 2.

(/usr/share/texlive/texmf-dist/tex/latex/psnfss/omxztmcm.fd
File: omxztmcm.fd 2000/01/03 Fontinst v1.801 font definitions for OMX/ztmcm.
)
LaTeX Font Info:    Trying to load font information for OT1+ptm on input line 2
.

(/usr/share/texlive/texmf-dist/tex/latex/psnfss/ot1ptm.fd
File: ot1ptm.fd 2001/06/04 font definitions for OT1/ptm.
)
LaTeX Font Info:    Font shape `OT1/ptm/bx/n' in size <10.95> not available
(Font)              Font shape `OT1/ptm/b/n' tried instead on input line 2.
LaTeX Font Info:    Font shape `OT1/ptm/bx/n' in size <8> not available
(Font)              Font shape `OT1/ptm/b/n' tried instead on input line 2.
LaTeX Font Info:    Font shape `OT1/ptm/bx/n' in size <6> not available
(Font)              Font shape `OT1/ptm/b/n' tried instead on input line 2.
 [2

] [3] [4] [5])
\tf@toc=\write7
\openout7 = `HapTutorial.toc'.


[6]
Chapter 1.
LaTeX Font Info:    Trying to load font information for T1+cmtt on input line 1
34.
(/usr/share/texlive/texmf-dist/tex/latex/base/t1cmtt.fd
File: t1cmtt.fd 2019/12/16 v2.5j Standard LaTeX font definitions
)
LaTeX Font Info:    Font shape `T1/cmtt/bx/n' in size <10> not available
(Font)              Font shape `T1/cmtt/m/n' tried instead on input line 135.
 [7

] [8] [9] [10]
[11] [12] [13] [14] [15] [16]
LaTeX Font Info:    Font shape `OT1/ptm/bx/n' in size <14.4> not available
(Font)              Font shape `OT1/ptm/b/n' tried instead on input line 713.


Package hyperref Warning: Token not allowed in a PDF string (PDFDocEncoding):
(hyperref)                removing `math shift' on input line 713.


Package hyperref Warning: Token not allowed in a PDF string (PDFDocEncoding):
(hyperref)                removing `math shift' on input line 713.

[17] [18] [19] [20] [21] [22] [23] [24] [25] [26] [27]
Chapter 2.
[28

]
LaTeX Font Info:    Trying to load font information for TS1+ptm on input line 1
340.
 (/usr/share/texlive/texmf-dist/tex/latex/psnfss/ts1ptm.fd
File: ts1ptm.fd 2001/06/04 font definitions for TS1/ptm.
) [29] [30]
[31]
Underfull \hbox (badness 10000) in paragraph at lines 1484--1487

 []

[32]
Chapter 3.
[33

] [34] [35] [36] [37]
Underfull \hbox (badness 1668) in paragraph at lines 1817--1818
[]\T1/ptm/m/n/10.95 Continuing with the above ex-am-ple where $\OML/ztmcm/m/it/
10.95 Y$ \T1/ptm/m/n/10.95 is the real pro-jec-tive plane, we see that
 []

[38] [39] [40] [41]
Chapter 4.
[42

] [43]pdfTeX warning (ext4): destination with the same identifier (name{L.X80B6
849C835B7F19}) has been already used, duplicate ignored
<to be read again> 
                   \relax 
l.2114 \hyperdef{L}{X80B6849C835B7F19}{}
                                         [44] [45]
Underfull \hbox (badness 3039) in paragraph at lines 2245--2252
\T1/ptm/m/n/10.95 In 1935 K. Rei-de-meis-ter [[]][] clas-si-fied lens spaces up
 to ori-en-ta-tion pre-serv-ing PL-
 []

[46] [47] [48]

Package hyperref Warning: Token not allowed in a PDF string (PDFDocEncoding):
(hyperref)                removing `math shift' on input line 2401.


Package hyperref Warning: Token not allowed in a PDF string (PDFDocEncoding):
(hyperref)                removing `math shift' on input line 2401.

[49] [50]

LaTeX Font Warning: Font shape `T1/ptm/m/scit' undefined
(Font)              using `T1/ptm/m/sc' instead on input line 2487.

[51] [52] [53] [54] [55] [56] [57] [58] [59] [60] [61]
Underfull \hbox (badness 1675) in paragraph at lines 3078--3083
\T1/ptm/m/n/10.95 topes. A poly-tope of par-tic-u-lar in-ter-est, and one that 
ap-pears sev-eral times in the clas-
 []

[62] [63] [64]
Chapter 5.
[65

] [66]pdfTeX warning (ext4): destination with the same identifier (name{L.X7D51
2DA37F789B4C}) has been already used, duplicate ignored
<to be read again> 
                   \relax 
l.3332 \hyperdef{L}{X7D512DA37F789B4C}{}
                                         [67] [68]pdfTeX warning (ext4): destin
ation with the same identifier (name{L.X7D512DA37F789B4C}) has been already use
d, duplicate ignored
<to be read again> 
                   \relax 
l.3473 \hyperdef{L}{X7D512DA37F789B4C}{}
                                         [69] [70] [71] [72] [73] [74] [75]
[76] [77] [78]
Chapter 6.
[79

]

Package hyperref Warning: Token not allowed in a PDF string (PDFDocEncoding):
(hyperref)                removing `math shift' on input line 4094.


Package hyperref Warning: Token not allowed in a PDF string (PDFDocEncoding):
(hyperref)                removing `math shift' on input line 4094.

[80] [81]
Underfull \hbox (badness 3386) in paragraph at lines 4233--4234
[]\T1/ptm/m/n/10.95 Consider the group $\OML/ztmcm/m/it/10.95 H \OT1/ztmcm/m/n/
10.95 = \OML/ztmcm/m/it/10.95 SmallGroup\OT1/ztmcm/m/n/10.95 (64\OML/ztmcm/m/it
/10.95 ; \OT1/ztmcm/m/n/10.95 134)$\T1/ptm/m/n/10.95 . Con-sider the nor-mal su
b-group $\OML/ztmcm/m/it/10.95 N \OT1/ztmcm/m/n/10.95 =
 []

[82] [83] [84]

Package hyperref Warning: Token not allowed in a PDF string (PDFDocEncoding):
(hyperref)                removing `math shift' on input line 4369.


Package hyperref Warning: Token not allowed in a PDF string (PDFDocEncoding):
(hyperref)                removing `math shift' on input line 4369.

[85] [86]
Chapter 7.
[87

] [88] [89] [90] [91] [92] [93] [94] [95] [96] [97]
Underfull \hbox (badness 2452) in paragraph at lines 5145--5149
\T1/ptm/m/n/10.95 In the oc-ta-he-dral case with $\OML/ztmcm/m/it/10.95 m \OT1/
ztmcm/m/n/10.95 = 1$ \T1/ptm/m/n/10.95 we ob-tain $$H\T1/cmtt/m/n/10.95 ^\\T1/p
tm/m/n/10.95 ast(\T1/cmtt/m/n/10.95 \\T1/ptm/m/n/10.95 Gamma,\T1/cmtt/m/n/10.95
 \\T1/ptm/m/n/10.95 mathbb Z) = \T1/cmtt/m/n/10.95 \\T1/ptm/m/n/10.95 mathbb
 []

[98]
Underfull \hbox (badness 2302) in paragraph at lines 5169--5173
\T1/ptm/m/n/10.95 In the tetra-he-dral case with $\OML/ztmcm/m/it/10.95 m \OT1/
ztmcm/m/n/10.95 = 1$ \T1/ptm/m/n/10.95 we ob-tain $$H\T1/cmtt/m/n/10.95 ^\\T1/p
tm/m/n/10.95 ast(\T1/cmtt/m/n/10.95 \\T1/ptm/m/n/10.95 Gamma,\T1/cmtt/m/n/10.95
 \\T1/ptm/m/n/10.95 mathbb Z) = \T1/cmtt/m/n/10.95 \\T1/ptm/m/n/10.95 mathbb
 []

[99] [100]
Underfull \hbox (badness 5217) in paragraph at lines 5262--5263
\T1/ptm/m/n/10.95 A non-standard $\OT1/ztmcm/m/n/10.95 3$\T1/ptm/m/n/10.95 -coc
ycle $\OML/ztmcm/m/it/10.95 f$ \T1/ptm/m/n/10.95 can be con-verted to a stan-da
rd one us-ing the com-mand
 []

[101]

Package hyperref Warning: Token not allowed in a PDF string (PDFDocEncoding):
(hyperref)                removing `math shift' on input line 5334.


Package hyperref Warning: Token not allowed in a PDF string (PDFDocEncoding):
(hyperref)                removing `math shift' on input line 5334.

[102] [103] [104] [105]
Chapter 8.

Package hyperref Warning: Token not allowed in a PDF string (PDFDocEncoding):
(hyperref)                removing `math shift' on input line 5485.


Package hyperref Warning: Token not allowed in a PDF string (PDFDocEncoding):
(hyperref)                removing `math shift' on input line 5485.


Underfull \hbox (badness 1975) in paragraph at lines 5488--5490
\T1/ptm/m/n/10.95 com-putes a fi-nite di-men-sional graded ring equal to the co
-ho-mol-ogy ring $\OML/ztmcm/m/it/10.95 H[]\OT1/ztmcm/m/n/10.95 (\OML/ztmcm/m/i
t/10.95 G; \U/msb/m/n/10.95 Z[]\OT1/ztmcm/m/n/10.95 ) :=
 []

LaTeX Font Info:    Font shape `OT1/ptm/bx/n' in size <12> not available
(Font)              Font shape `OT1/ptm/b/n' tried instead on input line 5518.
LaTeX Font Info:    Font shape `OT1/ptm/bx/n' in size <9> not available
(Font)              Font shape `OT1/ptm/b/n' tried instead on input line 5518.
LaTeX Font Info:    Font shape `OT1/ptm/bx/n' in size <7> not available
(Font)              Font shape `OT1/ptm/b/n' tried instead on input line 5518.
[106

]

Package hyperref Warning: Token not allowed in a PDF string (PDFDocEncoding):
(hyperref)                removing `math shift' on input line 5542.


Package hyperref Warning: Token not allowed in a PDF string (PDFDocEncoding):
(hyperref)                removing `math shift' on input line 5542.

[107] [108]

Package hyperref Warning: Token not allowed in a PDF string (PDFDocEncoding):
(hyperref)                removing `math shift' on input line 5667.


Package hyperref Warning: Token not allowed in a PDF string (PDFDocEncoding):
(hyperref)                removing `math shift' on input line 5667.


Package hyperref Warning: Token not allowed in a PDF string (PDFDocEncoding):
(hyperref)                removing `math shift' on input line 5695.


Package hyperref Warning: Token not allowed in a PDF string (PDFDocEncoding):
(hyperref)                removing `math shift' on input line 5695.

[109] [110]

Package hyperref Warning: Token not allowed in a PDF string (PDFDocEncoding):
(hyperref)                removing `math shift' on input line 5774.


Package hyperref Warning: Token not allowed in a PDF string (PDFDocEncoding):
(hyperref)                removing `math shift' on input line 5774.

[111]
Chapter 9.
pdfTeX warning (ext4): destination with the same identifier (name{L.X7AFFB32587
D047FE}) has been already used, duplicate ignored
<to be read again> 
                   \relax 
l.5823 \hyperdef{L}{X7AFFB32587D047FE}{}
                                         [112

] [113]
Chapter 10.
[114

] [115] [116] [117] [118] [119] [120]
Chapter 11.
[121

] [122] [123]

Package hyperref Warning: Token not allowed in a PDF string (PDFDocEncoding):
(hyperref)                removing `math shift' on input line 6374.


Package hyperref Warning: Token not allowed in a PDF string (PDFDocEncoding):
(hyperref)                removing `math shift' on input line 6374.


Package hyperref Warning: Token not allowed in a PDF string (PDFDocEncoding):
(hyperref)                removing `math shift' on input line 6374.


Package hyperref Warning: Token not allowed in a PDF string (PDFDocEncoding):
(hyperref)                removing `subscript' on input line 6374.


Package hyperref Warning: Token not allowed in a PDF string (PDFDocEncoding):
(hyperref)                removing `math shift' on input line 6374.

[124] [125] [126] [127]
Underfull \hbox (badness 1715) in paragraph at lines 6639--6642
\T1/ptm/m/n/10.95 An im-ple-men-ta-tion of the above method for Bieber-bach gro
ups is also avail-able for ar-bi-
 []


Underfull \hbox (badness 1152) in paragraph at lines 6639--6642
\T1/ptm/m/n/10.95 trary crys-tal-lo-graphic groups. The fol-low-ing ex-am-ple c
on-structs a res-o-lu-tion for the group
 []

[128] [129]

Package hyperref Warning: Token not allowed in a PDF string (PDFDocEncoding):
(hyperref)                removing `math shift' on input line 6731.


Package hyperref Warning: Token not allowed in a PDF string (PDFDocEncoding):
(hyperref)                removing `subscript' on input line 6731.


Package hyperref Warning: Token not allowed in a PDF string (PDFDocEncoding):
(hyperref)                removing `math shift' on input line 6731.


Package hyperref Warning: Token not allowed in a PDF string (PDFDocEncoding):
(hyperref)                removing `math shift' on input line 6746.


Package hyperref Warning: Token not allowed in a PDF string (PDFDocEncoding):
(hyperref)                removing `subscript' on input line 6746.


Package hyperref Warning: Token not allowed in a PDF string (PDFDocEncoding):
(hyperref)                removing `\@ifnextchar' on input line 6746.


Package hyperref Warning: Token not allowed in a PDF string (PDFDocEncoding):
(hyperref)                removing `math shift' on input line 6746.


Underfull \hbox (badness 3260) in paragraph at lines 6749--6752
\T1/ptm/m/n/10.95 The fol-low-ing uses fi-nite "Voronoi com-plexes" and ho-mo-l
og-i-cal per-tur-ba-tion to con-struct
 []


Underfull \hbox (badness 2717) in paragraph at lines 6749--6752
\T1/ptm/m/n/10.95 a res-o-lu-tion for $\OML/ztmcm/m/it/10.95 G \OT1/ztmcm/m/n/1
0.95 = \OML/ztmcm/m/it/10.95 SL[]\OT1/ztmcm/m/n/10.95 (\OMS/ztmcm/m/n/10.95 O\O
T1/ztmcm/m/n/10.95 (\U/msb/m/n/10.95 Q\OT1/ztmcm/m/n/10.95 ([]))$\T1/ptm/m/n/10
.95 . The fi-nite com-plexes were con-tributed in-de-pen-
 []


Underfull \hbox (badness 1281) in paragraph at lines 6749--6752
\T1/ptm/m/n/10.95 dently by A. Rahm, M. Dutour-Scikiric and S. Schoe-nen-beck a
nd are stored in the folder
 []


Package hyperref Warning: Token not allowed in a PDF string (PDFDocEncoding):
(hyperref)                removing `math shift' on input line 6764.


Package hyperref Warning: Token not allowed in a PDF string (PDFDocEncoding):
(hyperref)                removing `subscript' on input line 6764.


Package hyperref Warning: Token not allowed in a PDF string (PDFDocEncoding):
(hyperref)                removing `\@ifnextchar' on input line 6764.


Package hyperref Warning: Token not allowed in a PDF string (PDFDocEncoding):
(hyperref)                removing `math shift' on input line 6764.


Underfull \hbox (badness 1533) in paragraph at lines 6767--6770
\T1/ptm/m/n/10.95 The fol-low-ing uses fi-nite "Voronoi com-plexes" and ho-mo-l
og-i-cal per-tur-ba-tion to con-struct a
 []


Underfull \hbox (badness 2781) in paragraph at lines 6767--6770
\T1/ptm/m/n/10.95 res-o-lu-tion for $\OML/ztmcm/m/it/10.95 G \OT1/ztmcm/m/n/10.
95 = \OML/ztmcm/m/it/10.95 PSL[]\OT1/ztmcm/m/n/10.95 (\OMS/ztmcm/m/n/10.95 O\OT
1/ztmcm/m/n/10.95 (\U/msb/m/n/10.95 Q\OT1/ztmcm/m/n/10.95 ([]))$\T1/ptm/m/n/10.
95 . The fi-nite com-plexes were con-tributed in-de-pen-
 []


Underfull \hbox (badness 1281) in paragraph at lines 6767--6770
\T1/ptm/m/n/10.95 dently by A. Rahm, M. Dutour-Scikiric and S. Schoe-nen-beck a
nd are stored in the folder
 []

[130] [131] [132]

Package hyperref Warning: Token not allowed in a PDF string (PDFDocEncoding):
(hyperref)                removing `math shift' on input line 6897.


Package hyperref Warning: Token not allowed in a PDF string (PDFDocEncoding):
(hyperref)                removing `math shift' on input line 6897.

[133]
Chapter 12.
[134

]
Underfull \hbox (badness 2626) in paragraph at lines 6996--6996
[][]\T1/ptm/b/n/14.4 Eilenberg-MacLane spaces as sim-pli-cial groups (not rec-o
m-
 []

[135] [136]

Package hyperref Warning: Token not allowed in a PDF string (PDFDocEncoding):
(hyperref)                removing `math shift' on input line 7091.


Package hyperref Warning: Token not allowed in a PDF string (PDFDocEncoding):
(hyperref)                removing `superscript' on input line 7091.


Package hyperref Warning: Token not allowed in a PDF string (PDFDocEncoding):
(hyperref)                removing `\ast' on input line 7091.


Package hyperref Warning: Token not allowed in a PDF string (PDFDocEncoding):
(hyperref)                removing `\pi' on input line 7091.


Package hyperref Warning: Token not allowed in a PDF string (PDFDocEncoding):
(hyperref)                removing `math shift' on input line 7091.

[137] [138]

Package hyperref Warning: Token not allowed in a PDF string (PDFDocEncoding):
(hyperref)                removing `math shift' on input line 7210.


Package hyperref Warning: Token not allowed in a PDF string (PDFDocEncoding):
(hyperref)                removing `math shift' on input line 7210.


Package hyperref Warning: Token not allowed in a PDF string (PDFDocEncoding):
(hyperref)                removing `math shift' on input line 7244.


Package hyperref Warning: Token not allowed in a PDF string (PDFDocEncoding):
(hyperref)                removing `\pi' on input line 7244.


Package hyperref Warning: Token not allowed in a PDF string (PDFDocEncoding):
(hyperref)                removing `subscript' on input line 7244.


Package hyperref Warning: Token not allowed in a PDF string (PDFDocEncoding):
(hyperref)                removing `superscript' on input line 7244.


Package hyperref Warning: Token not allowed in a PDF string (PDFDocEncoding):
(hyperref)                removing `math shift' on input line 7244.

[139] [140]

Package hyperref Warning: Token not allowed in a PDF string (PDFDocEncoding):
(hyperref)                removing `math shift' on input line 7476.


Package hyperref Warning: Token not allowed in a PDF string (PDFDocEncoding):
(hyperref)                removing `\pi' on input line 7476.


Package hyperref Warning: Token not allowed in a PDF string (PDFDocEncoding):
(hyperref)                removing `subscript' on input line 7476.


Package hyperref Warning: Token not allowed in a PDF string (PDFDocEncoding):
(hyperref)                removing `\Sigma' on input line 7476.


Package hyperref Warning: Token not allowed in a PDF string (PDFDocEncoding):
(hyperref)                removing `math shift' on input line 7476.

[141] [142]

Package hyperref Warning: Token not allowed in a PDF string (PDFDocEncoding):
(hyperref)                removing `math shift' on input line 7716.


Package hyperref Warning: Token not allowed in a PDF string (PDFDocEncoding):
(hyperref)                removing `superscript' on input line 7716.


Package hyperref Warning: Token not allowed in a PDF string (PDFDocEncoding):
(hyperref)                removing `math shift' on input line 7716.

[143] [144] [145]
Chapter 13.

Package amsfonts Warning: Obsolete command \frak; \mathfrak should be used inst
ead on input line 7818.

[146

]

Package hyperref Warning: Token not allowed in a PDF string (PDFDocEncoding):
(hyperref)                removing `math shift' on input line 7849.


Package hyperref Warning: Token not allowed in a PDF string (PDFDocEncoding):
(hyperref)                removing `subscript' on input line 7849.


Package hyperref Warning: Token not allowed in a PDF string (PDFDocEncoding):
(hyperref)                removing `math shift' on input line 7849.

[147] [148] [149] [150] [151] [152] [153]

Package hyperref Warning: Token not allowed in a PDF string (PDFDocEncoding):
(hyperref)                removing `math shift' on input line 8171.


Package hyperref Warning: Token not allowed in a PDF string (PDFDocEncoding):
(hyperref)                removing `\ge' on input line 8171.


Package hyperref Warning: Token not allowed in a PDF string (PDFDocEncoding):
(hyperref)                removing `math shift' on input line 8171.

[154] [155] [156] [157] [158] [159]
Underfull \hbox (badness 10000) in paragraph at lines 8469--8472
\T1/ptm/m/n/10.95 can be used to com-pute res-o-lu-tions for groups whose data 
(pro-vided by Se-bas-
 []


Underfull \hbox (badness 5862) in paragraph at lines 8469--8472
\T1/ptm/m/n/10.95 tian Schoen-nen-beck, Alexan-der Rahm and Math-ieu Du-tour) i
s stored in the di-rec-tory
 []

[160] [161] [162]
Underfull \hbox (badness 3930) in paragraph at lines 8663--8664
[]\T1/ptm/m/n/10.95 The next com-mands first con-struct the con-gru-ence sub-gr
oup $\OT1/ztmcm/m/n/10.95 ^^@[](\OML/ztmcm/m/it/10.95 I\OT1/ztmcm/m/n/10.95 )$ 
\T1/ptm/m/n/10.95 of in-dex $\OT1/ztmcm/m/n/10.95 144$ \T1/ptm/m/n/10.95 in
 []

[163] [164] [165]
Chapter 14.
[166

] [167]
Chapter 15.
[168

] [169] [170] [171] [172] [173] [174] [175] [176] [177] (./HapTutorial.bbl
(./HapTutorial.brf)
\tf@brf=\write8
\openout8 = `HapTutorial.brf'.

 [178] [179

] [180]
Underfull \hbox (badness 10000) in paragraph at lines 195--195
[]\T1/ptm/m/n/10.95 W. Thurston.  \T1/ptm/m/it/10.95 The Ge-om-e-try and Topol-
ogy of Three-Manifolds\T1/ptm/m/n/10.95 .
 []

) [181] (./HapTutorial.ind)
Package atveryend Info: Empty hook `BeforeClearDocument' on input line 9339.
Package atveryend Info: Empty hook `AfterLastShipout' on input line 9339.
 (./HapTutorial.aux)
Package atveryend Info: Executing hook `AtVeryEndDocument' on input line 9339.
Package atveryend Info: Executing hook `AtEndAfterFileList' on input line 9339.

Package rerunfilecheck Info: File `HapTutorial.out' has not changed.
(rerunfilecheck)             Checksum: CABF5FF675B238F2C542E4B8A32EFEDD;13787.
Package rerunfilecheck Info: File `HapTutorial.brf' has not changed.
(rerunfilecheck)             Checksum: 1BB89AA85B22503C0F8826E5C5A2CDF9;1975.
Package atveryend Info: Empty hook `AtVeryVeryEnd' on input line 9339.
 ) 
Here is how much of TeX's memory you used:
 8270 strings out of 483107
 121680 string characters out of 5964630
 380594 words of memory out of 5000000
 22507 multiletter control sequences out of 15000+600000
 623503 words of font info for 162 fonts, out of 8000000 for 9000
 59 hyphenation exceptions out of 8191
 47i,10n,37p,959b,633s stack positions out of 5000i,500n,10000p,200000b,80000s
 </home/graham/.texlive2019/texmf-var/fonts/pk/ljfour/jknappen/ec/ectt1095.60
0pk> </home/graham/.texlive2019/texmf-var/fonts/pk/ljfour/jknappen/ec/ectt1000.
600pk>{/usr/share/texlive/texmf-dist/fonts/enc/dvips/base/8r.enc}</usr/share/te
xlive/texmf-dist/fonts/type1/public/amsfonts/cm/cmex10.pfb></usr/share/texlive/
texmf-dist/fonts/type1/public/amsfonts/cm/cmmi10.pfb></usr/share/texlive/texmf-
dist/fonts/type1/public/amsfonts/cm/cmr10.pfb></usr/share/texlive/texmf-dist/fo
nts/type1/public/amsfonts/cm/cmss10.pfb></usr/share/texlive/texmf-dist/fonts/ty
pe1/public/amsfonts/cm/cmss8.pfb></usr/share/texlive/texmf-dist/fonts/type1/pub
lic/amsfonts/cm/cmsy10.pfb></usr/share/texlive/texmf-dist/fonts/type1/public/am
sfonts/euler/eufm10.pfb></usr/share/texlive/texmf-dist/fonts/type1/public/amsfo
nts/symbols/msam10.pfb></usr/share/texlive/texmf-dist/fonts/type1/public/amsfon
ts/symbols/msbm10.pfb></usr/share/texlive/texmf-dist/fonts/type1/public/rsfs/rs
fs10.pfb></usr/share/texlive/texmf-dist/fonts/type1/urw/symbol/usyr.pfb></usr/s
hare/texlive/texmf-dist/fonts/type1/urw/symbol/usyr.pfb></usr/share/texlive/tex
mf-dist/fonts/type1/urw/times/utmb8a.pfb></usr/share/texlive/texmf-dist/fonts/t
ype1/urw/times/utmr8a.pfb></usr/share/texlive/texmf-dist/fonts/type1/urw/times/
utmr8a.pfb></usr/share/texlive/texmf-dist/fonts/type1/urw/times/utmri8a.pfb>
Output written on HapTutorial.pdf (181 pages, 724437 bytes).
PDF statistics:
 2321 PDF objects out of 2487 (max. 8388607)
 1940 compressed objects within 20 object streams
 590 named destinations out of 1000 (max. 500000)
 1305 words of extra memory for PDF output out of 10000 (max. 10000000)

