\BOOKMARK [0][-]{chapter.1}{Simplicial complexes \046 CW complexes}{}% 1
\BOOKMARK [1][-]{section.1.1}{The Klein bottle as a simplicial complex}{chapter.1}% 2
\BOOKMARK [1][-]{section.1.2}{Other simplicial surfaces}{chapter.1}% 3
\BOOKMARK [1][-]{section.1.3}{The Quillen complex}{chapter.1}% 4
\BOOKMARK [1][-]{section.1.4}{The Quillen complex as a reduced CW-complex}{chapter.1}% 5
\BOOKMARK [1][-]{section.1.5}{Simple homotopy equivalences}{chapter.1}% 6
\BOOKMARK [1][-]{section.1.6}{Cellular simplifications preserving homeomorphism type}{chapter.1}% 7
\BOOKMARK [1][-]{section.1.7}{Constructing a CW-structure on a knot complement}{chapter.1}% 8
\BOOKMARK [1][-]{section.1.8}{Constructing a regular CW-complex by attaching cells}{chapter.1}% 9
\BOOKMARK [1][-]{section.1.9}{Constructing a regular CW-complex from its face lattice}{chapter.1}% 10
\BOOKMARK [1][-]{section.1.10}{Cup products}{chapter.1}% 11
\BOOKMARK [1][-]{section.1.11}{Cohomology Rings}{chapter.1}% 12
\BOOKMARK [1][-]{section.1.12}{Intersection forms of 4-manifolds}{chapter.1}% 13
\BOOKMARK [1][-]{section.1.13}{CW maps and induced homomorphisms}{chapter.1}% 14
\BOOKMARK [1][-]{section.1.14}{Constructing a simplicial complex from a regular CW-complex}{chapter.1}% 15
\BOOKMARK [1][-]{section.1.15}{Equivariant CW complexes}{chapter.1}% 16
\BOOKMARK [1][-]{section.1.16}{Orbifolds and classifying spaces}{chapter.1}% 17
\BOOKMARK [0][-]{chapter.2}{Cubical complexes \046 permutahedral complexes}{}% 18
\BOOKMARK [1][-]{section.2.1}{Cubical complexes}{chapter.2}% 19
\BOOKMARK [1][-]{section.2.2}{Permutahedral complexes}{chapter.2}% 20
\BOOKMARK [1][-]{section.2.3}{Constructing pure cubical and permutahedral complexes}{chapter.2}% 21
\BOOKMARK [1][-]{section.2.4}{Computations in dynamical systems}{chapter.2}% 22
\BOOKMARK [0][-]{chapter.3}{Covering spaces}{}% 23
\BOOKMARK [1][-]{section.3.1}{Cellular chains on the universal cover}{chapter.3}% 24
\BOOKMARK [1][-]{section.3.2}{Spun knots and the Satoh tube map}{chapter.3}% 25
\BOOKMARK [1][-]{section.3.3}{Cohomology with local coefficients}{chapter.3}% 26
\BOOKMARK [1][-]{section.3.4}{Distinguishing between two non-homeomorphic homotopy equivalent spaces}{chapter.3}% 27
\BOOKMARK [1][-]{section.3.5}{ Second homotopy groups of spaces with finite fundamental group}{chapter.3}% 28
\BOOKMARK [1][-]{section.3.6}{Third homotopy groups of simply connected spaces}{chapter.3}% 29
\BOOKMARK [1][-]{section.3.7}{Computing the second homotopy group of a space with infinite fundamental group}{chapter.3}% 30
\BOOKMARK [0][-]{chapter.4}{Three Manifolds}{}% 31
\BOOKMARK [1][-]{section.4.1}{Dehn Surgery}{chapter.4}% 32
\BOOKMARK [1][-]{section.4.2}{Dijkgraaf-Witten Invariant}{chapter.4}% 33
\BOOKMARK [1][-]{section.4.3}{Cohomology rings}{chapter.4}% 34
\BOOKMARK [1][-]{section.4.4}{Linking Form}{chapter.4}% 35
\BOOKMARK [0][-]{chapter.5}{Topological data analysis}{}% 36
\BOOKMARK [1][-]{section.5.1}{Persistent homology }{chapter.5}% 37
\BOOKMARK [1][-]{section.5.2}{Mapper clustering}{chapter.5}% 38
\BOOKMARK [1][-]{section.5.3}{Digital image analysis}{chapter.5}% 39
\BOOKMARK [1][-]{section.5.4}{Random simplicial complexes}{chapter.5}% 40
\BOOKMARK [0][-]{chapter.6}{Group theoretic computations}{}% 41
\BOOKMARK [1][-]{section.6.1}{Third homotopy group of a supsension of an Eilenberg-MacLane space }{chapter.6}% 42
\BOOKMARK [1][-]{section.6.2}{Representations of knot quandles}{chapter.6}% 43
\BOOKMARK [1][-]{section.6.3}{Identifying knots}{chapter.6}% 44
\BOOKMARK [1][-]{section.6.4}{Aspherical 2-complexes}{chapter.6}% 45
\BOOKMARK [1][-]{section.6.5}{Bogomolov multiplier}{chapter.6}% 46
\BOOKMARK [1][-]{section.6.6}{Second group cohomology and group extensions}{chapter.6}% 47
\BOOKMARK [1][-]{section.6.7}{Second group cohomology and cocyclic Hadamard matrices}{chapter.6}% 48
\BOOKMARK [1][-]{section.6.8}{Third group cohomology and homotopy 2-types}{chapter.6}% 49
\BOOKMARK [0][-]{chapter.7}{Cohomology of groups}{}% 50
\BOOKMARK [1][-]{section.7.1}{Finite groups }{chapter.7}% 51
\BOOKMARK [1][-]{section.7.2}{Nilpotent groups}{chapter.7}% 52
\BOOKMARK [1][-]{section.7.3}{Crystallographic groups}{chapter.7}% 53
\BOOKMARK [1][-]{section.7.4}{Arithmetic groups}{chapter.7}% 54
\BOOKMARK [1][-]{section.7.5}{Artin groups}{chapter.7}% 55
\BOOKMARK [1][-]{section.7.6}{Graphs of groups}{chapter.7}% 56
\BOOKMARK [1][-]{section.7.7}{Cohomology with coefficients in a module}{chapter.7}% 57
\BOOKMARK [1][-]{section.7.8}{Exact cohomology coefficient sequence}{chapter.7}% 58
\BOOKMARK [1][-]{section.7.9}{Cohomology rings of finite fundamental groups of 3-manifolds }{chapter.7}% 59
\BOOKMARK [0][-]{chapter.8}{Cohomology operations}{}% 60
\BOOKMARK [1][-]{section.8.1}{Steenrod operations on the classifying space of a finite 2-group}{chapter.8}% 61
\BOOKMARK [1][-]{section.8.2}{Steenrod operations on the classifying space of a finite p-group}{chapter.8}% 62
\BOOKMARK [0][-]{chapter.9}{Bredon homology}{}% 63
\BOOKMARK [1][-]{section.9.1}{Davis complex}{chapter.9}% 64
\BOOKMARK [1][-]{section.9.2}{Arithmetic groups}{chapter.9}% 65
\BOOKMARK [1][-]{section.9.3}{Crystallographic groups}{chapter.9}% 66
\BOOKMARK [0][-]{chapter.10}{Simplicial groups}{}% 67
\BOOKMARK [1][-]{section.10.1}{Crossed modules}{chapter.10}% 68
\BOOKMARK [1][-]{section.10.2}{Eilenberg-MacLane spaces as simplicial groups \(not recommended\)}{chapter.10}% 69
\BOOKMARK [1][-]{section.10.3}{Eilenberg-MacLane spaces as simplicial free abelian groups \(recommended\)}{chapter.10}% 70
\BOOKMARK [1][-]{section.10.4}{Elementary theoretical information on H\(K\(,n\),Z\)}{chapter.10}% 71
\BOOKMARK [1][-]{section.10.5}{The first three non-trivial homotopy groups of spheres}{chapter.10}% 72
\BOOKMARK [1][-]{section.10.6}{The first two non-trivial homotopy groups of the suspension and double suspension of a K\(G,1\)}{chapter.10}% 73
\BOOKMARK [1][-]{section.10.7}{Postnikov towers and 5\(S3\) }{chapter.10}% 74
\BOOKMARK [1][-]{section.10.8}{Towards 4\(K\(G,1\)\) }{chapter.10}% 75
\BOOKMARK [1][-]{section.10.9}{Enumerating homotopy 2-types}{chapter.10}% 76
\BOOKMARK [1][-]{section.10.10}{Identifying cat1-groups of low order}{chapter.10}% 77
\BOOKMARK [1][-]{section.10.11}{Identifying crossed modules of low order}{chapter.10}% 78
\BOOKMARK [0][-]{chapter.11}{Congruence Subgroups, Cuspidal Cohomology and Hecke Operators}{}% 79
\BOOKMARK [1][-]{section.11.1}{Eichler-Shimura isomorphism}{chapter.11}% 80
\BOOKMARK [1][-]{section.11.2}{Generators for SL2\(Z\) and the cubic tree}{chapter.11}% 81
\BOOKMARK [1][-]{section.11.3}{One-dimensional fundamental domains and generators for congruence subgroups}{chapter.11}% 82
\BOOKMARK [1][-]{section.11.4}{Cohomology of congruence subgroups}{chapter.11}% 83
\BOOKMARK [1][-]{section.11.5}{Cuspidal cohomology}{chapter.11}% 84
\BOOKMARK [1][-]{section.11.6}{Hecke operators}{chapter.11}% 85
\BOOKMARK [1][-]{section.11.7}{Reconstructing modular forms from cohomology computations}{chapter.11}% 86
\BOOKMARK [1][-]{section.11.8}{The Picard group}{chapter.11}% 87
\BOOKMARK [1][-]{section.11.9}{Bianchi groups}{chapter.11}% 88
\BOOKMARK [1][-]{section.11.10}{Some other infinite matrix groups}{chapter.11}% 89
\BOOKMARK [1][-]{section.11.11}{Ideals and finite quotient groups}{chapter.11}% 90
\BOOKMARK [1][-]{section.11.12}{Congruence subgroups for ideals}{chapter.11}% 91
\BOOKMARK [1][-]{section.11.13}{First homology}{chapter.11}% 92
\BOOKMARK [0][-]{chapter.12}{Parallel computation}{}% 93
\BOOKMARK [1][-]{section.12.1}{An embarassingly parallel computation}{chapter.12}% 94
\BOOKMARK [1][-]{section.12.2}{An non-embarassingly parallel computation}{chapter.12}% 95
\BOOKMARK [0][-]{chapter.13}{Regular CW-structure on knots}{}% 96
\BOOKMARK [1][-]{section.13.1}{Knot complements in the 3-ball}{chapter.13}% 97
\BOOKMARK [1][-]{section.13.2}{Tubular neighbourhoods}{chapter.13}% 98
\BOOKMARK [1][-]{section.13.3}{Knotted surface complements in the 4-ball}{chapter.13}% 99
\BOOKMARK [0][-]{chapter*.2}{References}{}% 100
