\BOOKMARK [0][-]{chapter.1}{Cellular complexes}{}% 1
\BOOKMARK [0][-]{chapter.2}{ZG-Resolutions and Group Cohomology}{}% 2
\BOOKMARK [0][-]{chapter.3}{Homological Group Theory}{}% 3
\BOOKMARK [0][-]{chapter.4}{Parallel Computation}{}% 4
\BOOKMARK [0][-]{chapter.5}{Resolutions of the ground ring}{}% 5
\BOOKMARK [0][-]{chapter.6}{ Resolutions of modules}{}% 6
\BOOKMARK [0][-]{chapter.7}{ Induced equivariant chain maps}{}% 7
\BOOKMARK [0][-]{chapter.8}{ Functors}{}% 8
\BOOKMARK [0][-]{chapter.9}{ Chain complexes}{}% 9
\BOOKMARK [0][-]{chapter.10}{ Sparse Chain complexes}{}% 10
\BOOKMARK [0][-]{chapter.11}{ Homology and cohomology groups}{}% 11
\BOOKMARK [0][-]{chapter.12}{ Poincare series}{}% 12
\BOOKMARK [0][-]{chapter.13}{ Cohomology ring structure}{}% 13
\BOOKMARK [0][-]{chapter.14}{ Cohomology rings of p-groups \(mainly p=2\)}{}% 14
\BOOKMARK [0][-]{chapter.15}{ Commutator and nonabelian tensor computations}{}% 15
\BOOKMARK [0][-]{chapter.16}{ Lie commutators and nonabelian Lie tensors}{}% 16
\BOOKMARK [0][-]{chapter.17}{ Generators and relators of groups}{}% 17
\BOOKMARK [0][-]{chapter.18}{ Orbit polytopes and fundamental domains}{}% 18
\BOOKMARK [0][-]{chapter.19}{ Cocycles}{}% 19
\BOOKMARK [0][-]{chapter.20}{ Words in free ZG-modules }{}% 20
\BOOKMARK [0][-]{chapter.21}{ FpG-modules}{}% 21
\BOOKMARK [0][-]{chapter.22}{ Meataxe modules}{}% 22
\BOOKMARK [0][-]{chapter.23}{ G-Outer Groups}{}% 23
\BOOKMARK [0][-]{chapter.24}{ Cat-1-groups}{}% 24
\BOOKMARK [0][-]{chapter.25}{ Simplicial groups}{}% 25
\BOOKMARK [0][-]{chapter.26}{ Coxeter diagrams and graphs of groups}{}% 26
\BOOKMARK [0][-]{chapter.27}{Torsion Subcomplexes}{}% 27
\BOOKMARK [0][-]{chapter.28}{ Simplicial Complexes}{}% 28
\BOOKMARK [0][-]{chapter.29}{Cubical Complexes}{}% 29
\BOOKMARK [0][-]{chapter.30}{Regular CW-Complexes}{}% 30
\BOOKMARK [0][-]{chapter.31}{ Knots and Links}{}% 31
\BOOKMARK [0][-]{chapter.32}{ Knots and Quandles }{}% 32
\BOOKMARK [0][-]{chapter.33}{ Finite metric spaces and their filtered complexes }{}% 33
\BOOKMARK [0][-]{chapter.34}{ Commutative diagrams and abstract categories}{}% 34
\BOOKMARK [0][-]{chapter.35}{ Arrays and Pseudo lists}{}% 35
\BOOKMARK [0][-]{chapter.36}{ Parallel Computation - Core Functions}{}% 36
\BOOKMARK [0][-]{chapter.37}{ Parallel Computation - Extra Functions}{}% 37
\BOOKMARK [0][-]{chapter.38}{ Some functions for accessing basic data}{}% 38
\BOOKMARK [0][-]{chapter.39}{ Miscellaneous}{}% 39
\BOOKMARK [0][-]{section*.2}{Index}{}% 40
