\BOOKMARK [0][-]{chapter.1}{Cellular complexes}{}
\BOOKMARK [0][-]{chapter.2}{ZG-Resolutions and Group Cohomology}{}
\BOOKMARK [0][-]{chapter.3}{Homological Group Theory}{}
\BOOKMARK [0][-]{chapter.4}{Resolutions of the ground ring}{}
\BOOKMARK [0][-]{chapter.5}{ Resolutions of modules}{}
\BOOKMARK [0][-]{chapter.6}{ Induced equivariant chain maps}{}
\BOOKMARK [0][-]{chapter.7}{ Functors}{}
\BOOKMARK [0][-]{chapter.8}{ Chain complexes}{}
\BOOKMARK [0][-]{chapter.9}{ Sparse Chain complexes}{}
\BOOKMARK [0][-]{chapter.10}{ Homology and cohomology groups}{}
\BOOKMARK [0][-]{chapter.11}{ Poincare series}{}
\BOOKMARK [0][-]{chapter.12}{ Cohomology ring structure}{}
\BOOKMARK [0][-]{chapter.13}{ Cohomology rings of p-groups \(mainly p=2\)}{}
\BOOKMARK [0][-]{chapter.14}{ Commutator and nonabelian tensor computations}{}
\BOOKMARK [0][-]{chapter.15}{ Lie commutators and nonabelian Lie tensors}{}
\BOOKMARK [0][-]{chapter.16}{ Generators and relators of groups}{}
\BOOKMARK [0][-]{chapter.17}{ Orbit polytopes and fundamental domains}{}
\BOOKMARK [0][-]{chapter.18}{ Cocycles}{}
\BOOKMARK [0][-]{chapter.19}{ Words in free ZG-modules }{}
\BOOKMARK [0][-]{chapter.20}{ FpG-modules}{}
\BOOKMARK [0][-]{chapter.21}{ Meataxe modules}{}
\BOOKMARK [0][-]{chapter.22}{ G-Outer Groups}{}
\BOOKMARK [0][-]{chapter.23}{ Cat-1-groups}{}
\BOOKMARK [0][-]{chapter.24}{ Simplicial groups}{}
\BOOKMARK [0][-]{chapter.25}{ Coxeter diagrams and graphs of groups}{}
\BOOKMARK [0][-]{chapter.26}{Torsion subcomplexes}{}
\BOOKMARK [0][-]{chapter.27}{ Simplicial Complexes}{}
\BOOKMARK [0][-]{chapter.28}{Cubical Complexes}{}
\BOOKMARK [0][-]{chapter.29}{Regular CW-Complexes}{}
\BOOKMARK [0][-]{chapter.30}{ Knots and Links}{}
\BOOKMARK [0][-]{chapter.31}{ Finite metric spaces and their filtered complexes }{}
\BOOKMARK [0][-]{chapter.32}{ Commutative diagrams and abstract categories}{}
\BOOKMARK [0][-]{chapter.33}{ Arrays and Pseudo lists}{}
\BOOKMARK [0][-]{chapter.34}{ Parallel Computation - Core Functions}{}
\BOOKMARK [0][-]{chapter.35}{ Parallel Computation - Extra Functions}{}
\BOOKMARK [0][-]{chapter.36}{ Some functions for accessing basic data}{}
\BOOKMARK [0][-]{chapter.37}{ Miscellaneous}{}
\BOOKMARK [0][-]{section*.2}{Index}{}
