\BOOKMARK [0][-]{chapter.1}{Basic functionality for cellular complexes, fundamental groups and homology}{}% 1
\BOOKMARK [1][-]{section.1.1}{ Data --3mu Cellular Complexes }{chapter.1}% 2
\BOOKMARK [1][-]{section.1.2}{ Metric Spaces}{chapter.1}% 3
\BOOKMARK [1][-]{section.1.3}{ Cellular Complexes --3mu Cellular Complexes}{chapter.1}% 4
\BOOKMARK [1][-]{section.1.4}{ Cellular Complexes --3mu Cellular Complexes \(Preserving Data Types\)}{chapter.1}% 5
\BOOKMARK [1][-]{section.1.5}{ Cellular Complexes --3mu Homotopy Invariants}{chapter.1}% 6
\BOOKMARK [1][-]{section.1.6}{ Data --3mu Homotopy Invariants}{chapter.1}% 7
\BOOKMARK [1][-]{section.1.7}{ Cellular Complexes --3mu Non Homotopy Invariants}{chapter.1}% 8
\BOOKMARK [1][-]{section.1.8}{ \(Co\)chain Complexes --3mu \(Co\)chain Complexes}{chapter.1}% 9
\BOOKMARK [1][-]{section.1.9}{ \(Co\)chain Complexes --3mu Homotopy Invariants}{chapter.1}% 10
\BOOKMARK [1][-]{section.1.10}{ Visualization}{chapter.1}% 11
\BOOKMARK [0][-]{chapter.2}{Basic functionality for ZG-resolutions and group cohomology}{}% 12
\BOOKMARK [1][-]{section.2.1}{ Resolutions}{chapter.2}% 13
\BOOKMARK [1][-]{section.2.2}{ Algebras --3mu \(Co\)chain Complexes}{chapter.2}% 14
\BOOKMARK [1][-]{section.2.3}{ Resolutions --3mu \(Co\)chain Complexes}{chapter.2}% 15
\BOOKMARK [1][-]{section.2.4}{ Cohomology rings}{chapter.2}% 16
\BOOKMARK [1][-]{section.2.5}{ Group Invariants}{chapter.2}% 17
\BOOKMARK [1][-]{section.2.6}{ Fp-modules}{chapter.2}% 18
\BOOKMARK [0][-]{chapter.3}{Basic functionality for homological group theory}{}% 19
\BOOKMARK [1][-]{section.3.1}{ Cocycles}{chapter.3}% 20
\BOOKMARK [1][-]{section.3.2}{ G-Outer Groups}{chapter.3}% 21
\BOOKMARK [1][-]{section.3.3}{ G-cocomplexes}{chapter.3}% 22
\BOOKMARK [0][-]{chapter.4}{Basic functionality for parallel computation}{}% 23
\BOOKMARK [1][-]{section.4.1}{ Six Core Functions}{chapter.4}% 24
\BOOKMARK [0][-]{chapter.5}{Resolutions of the ground ring}{}% 25
\BOOKMARK [1][-]{section.5.1}{ \040}{chapter.5}% 26
\BOOKMARK [0][-]{chapter.6}{ Resolutions of modules}{}% 27
\BOOKMARK [1][-]{section.6.1}{ \040}{chapter.6}% 28
\BOOKMARK [0][-]{chapter.7}{ Induced equivariant chain maps}{}% 29
\BOOKMARK [1][-]{section.7.1}{ \040}{chapter.7}% 30
\BOOKMARK [0][-]{chapter.8}{ Functors}{}% 31
\BOOKMARK [1][-]{section.8.1}{ \040}{chapter.8}% 32
\BOOKMARK [0][-]{chapter.9}{ Chain complexes}{}% 33
\BOOKMARK [1][-]{section.9.1}{ \040}{chapter.9}% 34
\BOOKMARK [0][-]{chapter.10}{ Sparse Chain complexes}{}% 35
\BOOKMARK [1][-]{section.10.1}{ \040}{chapter.10}% 36
\BOOKMARK [0][-]{chapter.11}{ Homology and cohomology groups}{}% 37
\BOOKMARK [1][-]{section.11.1}{ \040}{chapter.11}% 38
\BOOKMARK [0][-]{chapter.12}{ Poincare series}{}% 39
\BOOKMARK [1][-]{section.12.1}{ \040}{chapter.12}% 40
\BOOKMARK [0][-]{chapter.13}{ Cohomology ring structure}{}% 41
\BOOKMARK [1][-]{section.13.1}{ \040}{chapter.13}% 42
\BOOKMARK [0][-]{chapter.14}{ Cohomology rings of p-groups \(mainly p=2\)}{}% 43
\BOOKMARK [1][-]{section.14.1}{ \040}{chapter.14}% 44
\BOOKMARK [0][-]{chapter.15}{ Commutator and nonabelian tensor computations}{}% 45
\BOOKMARK [1][-]{section.15.1}{ \040}{chapter.15}% 46
\BOOKMARK [0][-]{chapter.16}{ Lie commutators and nonabelian Lie tensors}{}% 47
\BOOKMARK [1][-]{section.16.1}{ \040}{chapter.16}% 48
\BOOKMARK [0][-]{chapter.17}{ Generators and relators of groups}{}% 49
\BOOKMARK [1][-]{section.17.1}{ \040}{chapter.17}% 50
\BOOKMARK [0][-]{chapter.18}{ Orbit polytopes and fundamental domains}{}% 51
\BOOKMARK [1][-]{section.18.1}{ \040}{chapter.18}% 52
\BOOKMARK [0][-]{chapter.19}{ Cocycles}{}% 53
\BOOKMARK [1][-]{section.19.1}{ \040}{chapter.19}% 54
\BOOKMARK [0][-]{chapter.20}{ Words in free ZG-modules }{}% 55
\BOOKMARK [1][-]{section.20.1}{ \040}{chapter.20}% 56
\BOOKMARK [0][-]{chapter.21}{ FpG-modules}{}% 57
\BOOKMARK [1][-]{section.21.1}{ \040}{chapter.21}% 58
\BOOKMARK [0][-]{chapter.22}{ Meataxe modules}{}% 59
\BOOKMARK [1][-]{section.22.1}{ \040}{chapter.22}% 60
\BOOKMARK [0][-]{chapter.23}{ G-Outer Groups}{}% 61
\BOOKMARK [1][-]{section.23.1}{ \040}{chapter.23}% 62
\BOOKMARK [0][-]{chapter.24}{ Cat-1-groups}{}% 63
\BOOKMARK [1][-]{section.24.1}{ \040}{chapter.24}% 64
\BOOKMARK [0][-]{chapter.25}{ Simplicial groups}{}% 65
\BOOKMARK [1][-]{section.25.1}{ \040}{chapter.25}% 66
\BOOKMARK [0][-]{chapter.26}{ Coxeter diagrams and graphs of groups}{}% 67
\BOOKMARK [1][-]{section.26.1}{ \040}{chapter.26}% 68
\BOOKMARK [0][-]{chapter.27}{Torsion Subcomplexes}{}% 69
\BOOKMARK [1][-]{section.27.1}{ \040}{chapter.27}% 70
\BOOKMARK [0][-]{chapter.28}{ Simplicial Complexes}{}% 71
\BOOKMARK [1][-]{section.28.1}{ \040}{chapter.28}% 72
\BOOKMARK [0][-]{chapter.29}{Cubical Complexes}{}% 73
\BOOKMARK [1][-]{section.29.1}{ \040}{chapter.29}% 74
\BOOKMARK [0][-]{chapter.30}{Regular CW-Complexes}{}% 75
\BOOKMARK [1][-]{section.30.1}{ \040}{chapter.30}% 76
\BOOKMARK [0][-]{chapter.31}{ Knots and Links}{}% 77
\BOOKMARK [1][-]{section.31.1}{ \040}{chapter.31}% 78
\BOOKMARK [0][-]{chapter.32}{ Knots and Quandles }{}% 79
\BOOKMARK [1][-]{section.32.1}{ \040}{chapter.32}% 80
\BOOKMARK [0][-]{chapter.33}{ Finite metric spaces and their filtered complexes }{}% 81
\BOOKMARK [1][-]{section.33.1}{ \040}{chapter.33}% 82
\BOOKMARK [0][-]{chapter.34}{ Commutative diagrams and abstract categories}{}% 83
\BOOKMARK [1][-]{section.34.1}{ \040}{chapter.34}% 84
\BOOKMARK [1][-]{section.34.2}{ \040}{chapter.34}% 85
\BOOKMARK [0][-]{chapter.35}{ Arrays and Pseudo lists}{}% 86
\BOOKMARK [1][-]{section.35.1}{ \040}{chapter.35}% 87
\BOOKMARK [0][-]{chapter.36}{ Parallel Computation - Core Functions}{}% 88
\BOOKMARK [1][-]{section.36.1}{ \040}{chapter.36}% 89
\BOOKMARK [0][-]{chapter.37}{ Parallel Computation - Extra Functions}{}% 90
\BOOKMARK [1][-]{section.37.1}{ \040}{chapter.37}% 91
\BOOKMARK [0][-]{chapter.38}{ Some functions for accessing basic data}{}% 92
\BOOKMARK [1][-]{section.38.1}{ \040}{chapter.38}% 93
\BOOKMARK [0][-]{chapter.39}{ Miscellaneous}{}% 94
\BOOKMARK [1][-]{section.39.1}{ \040}{chapter.39}% 95
