\BOOKMARK [0][-]{chapter.1}{Resolutions of the ground ring}{}
\BOOKMARK [0][-]{chapter.2}{ Resolutions of modules}{}
\BOOKMARK [0][-]{chapter.3}{ Induced equivariant chain maps}{}
\BOOKMARK [0][-]{chapter.4}{ Functors}{}
\BOOKMARK [0][-]{chapter.5}{ Chain complexes}{}
\BOOKMARK [0][-]{chapter.6}{ Homology and cohomology groups}{}
\BOOKMARK [0][-]{chapter.7}{ Poincare series}{}
\BOOKMARK [0][-]{chapter.8}{ Cohomology ring structure}{}
\BOOKMARK [0][-]{chapter.9}{ Cohomology rings of p-groups \(mainly p=2\)}{}
\BOOKMARK [0][-]{chapter.10}{ Commutator and nonabelian tensor computations}{}
\BOOKMARK [0][-]{chapter.11}{ Lie commutators and nonabelian Lie tensors}{}
\BOOKMARK [0][-]{chapter.12}{ Generators and relators of groups}{}
\BOOKMARK [0][-]{chapter.13}{ Orbit polytopes and fundamental domains}{}
\BOOKMARK [0][-]{chapter.14}{ Cocycles}{}
\BOOKMARK [0][-]{chapter.15}{ Words in free ZG-modules }{}
\BOOKMARK [0][-]{chapter.16}{ FpG-modules}{}
\BOOKMARK [0][-]{chapter.17}{ Meataxe modules}{}
\BOOKMARK [0][-]{chapter.18}{ G-Outer Groups}{}
\BOOKMARK [0][-]{chapter.19}{ Cat-1-groups}{}
\BOOKMARK [0][-]{chapter.20}{ Simplicial groups}{}
\BOOKMARK [0][-]{chapter.21}{ Coxeter diagrams and graphs of groups}{}
\BOOKMARK [0][-]{chapter.22}{Torsion subcomplexes}{}
\BOOKMARK [0][-]{chapter.23}{ Simplicial Complexes}{}
\BOOKMARK [0][-]{chapter.24}{Cubical Complexes}{}
\BOOKMARK [0][-]{chapter.25}{Regular CW-Spaces}{}
\BOOKMARK [0][-]{chapter.26}{ Commutative diagrams and abstract categories}{}
\BOOKMARK [0][-]{chapter.27}{ Arrays and Pseudo lists}{}
\BOOKMARK [0][-]{chapter.28}{ Parallel Computation - Core Functions}{}
\BOOKMARK [0][-]{chapter.29}{ Parallel Computation - Extra Functions}{}
\BOOKMARK [0][-]{chapter.30}{ Some functions for accessing basic data}{}
\BOOKMARK [0][-]{chapter.31}{ Miscellaneous}{}
\BOOKMARK [0][-]{section*.2}{Index}{}
