This is TeX, Version 3.14159 (Web2C 7.4.5) (format=tex 2005.11.19)  2 SEP 2006 10:26
**manual
(./manual.tex (./gapmacro.tex (/usr/share/texmf/tex/plain/amsfonts/amssym.tex
(/usr/share/texmf/tex/plain/amsfonts/amssym.def
\msafam=\fam8
\msbfam=\fam9
\eufmfam=\fam10
))
Running TeX
\pagewidth=\dimen16
\pageheight=\dimen17
\colwidth=\dimen18
\partialpage=\box16
\origvsize=\dimen19
\manindent=\dimen20
\smallmanindent=\dimen21
\msbfam=\fam11
\labelout=\write0
\indexout=\write1
\secindout=\write2
\tocout=\write3
\citeout=\write4
\ans=\write5
\labelin=\read0
\indexin=\read1
\tocin=\read2
\citein=\read3
\secno=\count26
\subsecno=\count27
\exno=\count28
\indentno=\count29
\chapnum=\count30
\ortoks=\toks12
)
No file ../../../doc/ref/manual.lab.
[1]
\makelabel{hap:Contents}{{\setbox 0=\hbox {1}\vrule width 0pt height\ht 0}}
Chapter `Contents' .
(./manual.toc) [2.1
\chapcontents {\tocstrut }{Contents}{2}
] (./manual.lab)
\openout3 = `manual.toc'.

\openout0 = `manual.lab'.

\openout1 = `manual.idx'.

\openout2 = `manual.six'.

\openout4 = `manual.aux'.

 (./intro.tex
Chapter `Introduction ' .
[3.1]) (./functions.tex [4.1]
Chapter `List of HAP functions ' .
) [5.2]
Overfull \vbox (1473.59657pt too high) has occurred while \output is active
\vbox(624.0+0.0)x468.0, glue set - 1.0
.\glue(\topskip) 3.05556 plus 60.0
.\hbox(6.94444+1.38887)x468.0, glue set 375.41745filll
..\hbox(5.33704+0.0)x0.0, glue set - 17.22229fil
...\glue 0.0 plus 1.0fil minus 1.0fil
...\smallrom 1
...\kern 1.72221
...\hbox(3.95929+0.52972)x6.25002, shifted -1.37775 []
...\kern 5.0
..\tentt A
..\tentt d
..\tentt d
..\tentt F
..etc.
.\penalty 10000
.\glue 3.0 plus 1.0 minus 1.0
.\glue(\parskip) 4.30554 plus 2.15277 minus 2.15277
.etc.


[6.2]
Chapter `Index' .
(./manual.ind) [7.3]
##
## Citations for BibTeX written on manual.aux.
## Index entries for makeindex written on manual.idx.
## Section index entries written on manual.six.
## Label definitions written on manual.lab.
## Table of contents written on manual.toc.
##
 )
Output written on manual.dvi (7 pages, 15252 bytes).
